0 info it worked if it ends with ok
1 verbose cli [ '/usr/local/bin/node', '/usr/local/bin/npm', 'run', 'serve' ]
2 info using npm@3.5.3
3 info using node@v5.5.0
4 verbose run-script [ 'preserve', 'serve', 'postserve' ]
5 info lifecycle schedule-calculator@0.0.2~preserve: schedule-calculator@0.0.2
6 silly lifecycle schedule-calculator@0.0.2~preserve: no script for preserve, continuing
7 info lifecycle schedule-calculator@0.0.2~serve: schedule-calculator@0.0.2
8 verbose lifecycle schedule-calculator@0.0.2~serve: unsafe-perm in lifecycle true
9 verbose lifecycle schedule-calculator@0.0.2~serve: PATH: /usr/local/lib/node_modules/npm/bin/node-gyp-bin:/Users/Ben/Projects/schedule-calculator/node_modules/.bin:/Users/Ben/.rvm/gems/ruby-2.2.1/bin:/Users/Ben/.rvm/gems/ruby-2.2.1@global/bin:/Users/Ben/.rvm/rubies/ruby-2.2.1/bin:/usr/local/bin:/usr/bin:/bin:/usr/sbin:/sbin:/opt/X11/bin:/Users/Ben/.rvm/bin:/Users/Ben/.rvm/bin:/Users/Ben/.rvm/bin
10 verbose lifecycle schedule-calculator@0.0.2~serve: CWD: /Users/Ben/Projects/schedule-calculator
11 silly lifecycle schedule-calculator@0.0.2~serve: Args: [ '-c', 'node server/index.js' ]
12 silly lifecycle schedule-calculator@0.0.2~serve: Returned: code: 1  signal: null
13 info lifecycle schedule-calculator@0.0.2~serve: Failed to exec serve script
14 verbose stack Error: schedule-calculator@0.0.2 serve: `node server/index.js`
14 verbose stack Exit status 1
14 verbose stack     at EventEmitter.<anonymous> (/usr/local/lib/node_modules/npm/lib/utils/lifecycle.js:232:16)
14 verbose stack     at emitTwo (events.js:100:13)
14 verbose stack     at EventEmitter.emit (events.js:185:7)
14 verbose stack     at ChildProcess.<anonymous> (/usr/local/lib/node_modules/npm/lib/utils/spawn.js:24:14)
14 verbose stack     at emitTwo (events.js:100:13)
14 verbose stack     at ChildProcess.emit (events.js:185:7)
14 verbose stack     at maybeClose (internal/child_process.js:821:16)
14 verbose stack     at Process.ChildProcess._handle.onexit (internal/child_process.js:211:5)
15 verbose pkgid schedule-calculator@0.0.2
16 verbose cwd /Users/Ben/Projects/schedule-calculator
17 error Darwin 15.3.0
18 error argv "/usr/local/bin/node" "/usr/local/bin/npm" "run" "serve"
19 error node v5.5.0
20 error npm  v3.5.3
21 error code ELIFECYCLE
22 error schedule-calculator@0.0.2 serve: `node server/index.js`
22 error Exit status 1
23 error Failed at the schedule-calculator@0.0.2 serve script 'node server/index.js'.
23 error Make sure you have the latest version of node.js and npm installed.
23 error If you do, this is most likely a problem with the schedule-calculator package,
23 error not with npm itself.
23 error Tell the author that this fails on your system:
23 error     node server/index.js
23 error You can get information on how to open an issue for this project with:
23 error     npm bugs schedule-calculator
23 error Or if that isn't available, you can get their info via:
23 error     npm owner ls schedule-calculator
23 error There is likely additional logging output above.
24 verbose exit [ 1, true ]
